<?xml version="1.0" encoding="UTF-8"?>
<!-- Generated by org.testng.reporters.JUnitReportReporter -->
<testsuite hostname="LAPTOP-6I3F4LD0" failures="0" tests="1" name="Phase_5_Session_3.simplilearn.AutomaticAutomation" time="0.006" errors="0" timestamp="2022-05-25T23:52:20 IST" skipped="0">
  <testcase classname="Phase_5_Session_3.simplilearn.AutomaticAutomation" name="Hello" time="0.006"/>
  <system-out/>
</testsuite> <!-- Phase_5_Session_3.simplilearn.AutomaticAutomation -->
