<?xml version="1.0" encoding="UTF-8"?>
<!-- Generated by org.testng.reporters.JUnitReportReporter -->
<testsuite hostname="LAPTOP-6I3F4LD0" failures="0" tests="1" name="Phase_5_Session_3.simplilearn.First_Test" time="0.001" errors="0" timestamp="2022-05-16T09:46:35 IST" skipped="0">
  <testcase classname="Phase_5_Session_3.simplilearn.First_Test" name="f" time="0.001"/>
  <system-out/>
</testsuite> <!-- Phase_5_Session_3.simplilearn.First_Test -->
