<?xml version="1.0" encoding="UTF-8"?>
<!-- Generated by org.testng.reporters.JUnitReportReporter -->
<testsuite hostname="LAPTOP-6I3F4LD0" failures="0" tests="2" name="Phase_5_Session_3.simplilearn.AssertionDemo" time="10.808" errors="0" timestamp="2022-05-15T17:21:17 IST" skipped="0">
  <testcase classname="Phase_5_Session_3.simplilearn.AssertionDemo" name="login" time="2.946"/>
  <system-out/>
  <testcase classname="Phase_5_Session_3.simplilearn.AssertionDemo" name="tittleTest" time="7.862"/>
  <system-out/>
</testsuite> <!-- Phase_5_Session_3.simplilearn.AssertionDemo -->
